<?xml version="1.0" encoding="UTF-8"?>
<testng-results ignored="0" total="1" passed="1" failed="0" skipped="0">
  <reporter-output>
  </reporter-output>
  <suite started-at="2022-08-24T18:30:06 IST" name="Suite" finished-at="2022-08-24T18:30:48 IST" duration-ms="41890">
    <groups>
    </groups>
    <test started-at="2022-08-24T18:30:06 IST" name="Test" finished-at="2022-08-24T18:30:48 IST" duration-ms="41890">
      <class name="com.singlestorefront.testcases.ItemManagementTest">
        <test-method is-config="true" signature="loadconfig()[pri:0, instance:com.singlestorefront.testcases.ItemManagementTest@770d3326]" started-at="2022-08-24T18:30:06 IST" name="loadconfig" finished-at="2022-08-24T18:30:06 IST" duration-ms="13" status="PASS">
          <reporter-output>
          </reporter-output>
        </test-method> <!-- loadconfig -->
        <test-method is-config="true" signature="reporting()[pri:0, instance:com.singlestorefront.testcases.ItemManagementTest@770d3326]" started-at="2022-08-24T18:30:06 IST" name="reporting" finished-at="2022-08-24T18:30:06 IST" duration-ms="322" status="PASS">
          <reporter-output>
          </reporter-output>
        </test-method> <!-- reporting -->
        <test-method is-config="true" signature="launchbrowser(java.lang.String)[pri:0, instance:com.singlestorefront.testcases.ItemManagementTest@770d3326]" started-at="2022-08-24T18:30:06 IST" name="launchbrowser" finished-at="2022-08-24T18:30:34 IST" duration-ms="27902" status="PASS">
          <params>
            <param index="0">
              <value>
                <![CDATA[chrome]]>
              </value>
            </param>
          </params>
          <reporter-output>
          </reporter-output>
        </test-method> <!-- launchbrowser -->
        <test-method signature="CreateItem()[pri:0, instance:com.singlestorefront.testcases.ItemManagementTest@770d3326]" started-at="2022-08-24T18:30:34 IST" name="CreateItem" finished-at="2022-08-24T18:30:47 IST" duration-ms="13501" status="PASS">
          <reporter-output>
          </reporter-output>
        </test-method> <!-- CreateItem -->
        <test-method is-config="true" signature="teardown()[pri:0, instance:com.singlestorefront.testcases.ItemManagementTest@770d3326]" started-at="2022-08-24T18:30:47 IST" name="teardown" finished-at="2022-08-24T18:30:48 IST" duration-ms="440" status="PASS">
          <reporter-output>
          </reporter-output>
        </test-method> <!-- teardown -->
        <test-method is-config="true" signature="reportingend()[pri:0, instance:com.singlestorefront.testcases.ItemManagementTest@770d3326]" started-at="2022-08-24T18:30:48 IST" name="reportingend" finished-at="2022-08-24T18:30:48 IST" duration-ms="409" status="PASS">
          <reporter-output>
          </reporter-output>
        </test-method> <!-- reportingend -->
      </class> <!-- com.singlestorefront.testcases.ItemManagementTest -->
    </test> <!-- Test -->
  </suite> <!-- Suite -->
</testng-results>
