<?xml version="1.0" encoding="UTF-8"?>
<testng-results ignored="0" total="1" passed="1" failed="0" skipped="0">
  <reporter-output>
  </reporter-output>
  <suite started-at="2022-06-30T12:47:59 IST" name="Suite" finished-at="2022-06-30T12:48:33 IST" duration-ms="34333">
    <groups>
    </groups>
    <test started-at="2022-06-30T12:47:59 IST" name="Test" finished-at="2022-06-30T12:48:33 IST" duration-ms="34333">
      <class name="com.singlestorefront.testcases.HomePageTest">
        <test-method is-config="true" signature="loadconfig()[pri:0, instance:com.singlestorefront.testcases.HomePageTest@503d687a]" started-at="2022-06-30T12:47:59 IST" name="loadconfig" finished-at="2022-06-30T12:47:59 IST" duration-ms="12" status="PASS">
          <reporter-output>
          </reporter-output>
        </test-method> <!-- loadconfig -->
        <test-method is-config="true" signature="reporting()[pri:0, instance:com.singlestorefront.testcases.HomePageTest@503d687a]" started-at="2022-06-30T12:47:59 IST" name="reporting" finished-at="2022-06-30T12:47:59 IST" duration-ms="266" status="PASS">
          <reporter-output>
          </reporter-output>
        </test-method> <!-- reporting -->
        <test-method is-config="true" signature="launchbrowser(java.lang.String)[pri:0, instance:com.singlestorefront.testcases.HomePageTest@503d687a]" started-at="2022-06-30T12:47:59 IST" name="launchbrowser" finished-at="2022-06-30T12:48:33 IST" duration-ms="33783" status="PASS">
          <params>
            <param index="0">
              <value>
                <![CDATA[chrome]]>
              </value>
            </param>
          </params>
          <reporter-output>
          </reporter-output>
        </test-method> <!-- launchbrowser -->
        <test-method signature="itempage()[pri:0, instance:com.singlestorefront.testcases.HomePageTest@503d687a]" started-at="2022-06-30T12:48:33 IST" name="itempage" finished-at="2022-06-30T12:48:33 IST" duration-ms="489" status="PASS">
          <reporter-output>
          </reporter-output>
        </test-method> <!-- itempage -->
        <test-method is-config="true" signature="reportingend()[pri:0, instance:com.singlestorefront.testcases.HomePageTest@503d687a]" started-at="2022-06-30T12:48:33 IST" name="reportingend" finished-at="2022-06-30T12:48:34 IST" duration-ms="295" status="PASS">
          <reporter-output>
          </reporter-output>
        </test-method> <!-- reportingend -->
      </class> <!-- com.singlestorefront.testcases.HomePageTest -->
    </test> <!-- Test -->
  </suite> <!-- Suite -->
</testng-results>
